<?xml version="1.0" encoding="UTF-8"?>
<testng-results skipped="0" failed="0" total="1" passed="1">
  <reporter-output>
    <line>
      <![CDATA[no of rows are::7 no of column are::10]]>
    </line>
  </reporter-output>
  <suite name="Suite" duration-ms="210323" started-at="2019-10-25T04:35:11Z" finished-at="2019-10-25T04:38:41Z">
    <groups>
    </groups>
    <test name="Test" duration-ms="210323" started-at="2019-10-25T04:35:11Z" finished-at="2019-10-25T04:38:41Z">
      <class name="DriverFactory.DataDrivenFramework">
        <test-method status="PASS" signature="launchapp()[pri:0, instance:DriverFactory.DataDrivenFramework@1ae369b7]" name="launchapp" is-config="true" duration-ms="9577" started-at="2019-10-25T10:05:11Z" finished-at="2019-10-25T10:05:20Z">
          <reporter-output>
          </reporter-output>
        </test-method> <!-- launchapp -->
        <test-method status="PASS" signature="suppliercreation()[pri:0, instance:DriverFactory.DataDrivenFramework@1ae369b7]" name="suppliercreation" duration-ms="199874" started-at="2019-10-25T10:05:20Z" finished-at="2019-10-25T10:08:40Z">
          <reporter-output>
            <line>
              <![CDATA[no of rows are::7 no of column are::10]]>
            </line>
          </reporter-output>
        </test-method> <!-- suppliercreation -->
        <test-method status="PASS" signature="logout()[pri:0, instance:DriverFactory.DataDrivenFramework@1ae369b7]" name="logout" is-config="true" duration-ms="859" started-at="2019-10-25T10:08:40Z" finished-at="2019-10-25T10:08:41Z">
          <reporter-output>
          </reporter-output>
        </test-method> <!-- logout -->
      </class> <!-- DriverFactory.DataDrivenFramework -->
    </test> <!-- Test -->
  </suite> <!-- Suite -->
</testng-results>
